<?xml version="1.0" encoding="UTF-8"?>
<testsuite name="Tests" tests="1" skipped="0" failures="0" errors="0" timestamp="2022-06-24T17:52:24" hostname="MacBook-Pro-ksean.local" time="6.024">
  <properties/>
  <testcase name="start" classname="Tests" time="6.024"/>
  <system-out><![CDATA[?[1;31m
Start test 1?[0m

  .   ____          _            __ _ _
 /\\ / ___'_ __ _ _(_)_ __  __ _ \ \ \ \
( ( )\___ | '_ | '_| | '_ \/ _` | \ \ \ \
 \\/  ___)| |_)| | | | | || (_| |  ) ) ) )
  '  |____| .__|_| |_|_| |_\__, | / / / /
 =========|_|==============|___/=/_/_/_/
 :: Spring Boot ::                (v2.5.6)

2022-06-24 20:52:26.518  INFO 22755 --- [    Test worker] task.Main                                : Starting Main using Java 17.0.2 on MacBook-Pro-ksean.local with PID 22755 (started by ksean in /Users/ksean/IdeaProjects/Cinema Room REST Service/Topics/Exception handling/Four status codes)
2022-06-24 20:52:26.524  INFO 22755 --- [    Test worker] task.Main                                : No active profile set, falling back to default profiles: default
2022-06-24 20:52:28.821  INFO 22755 --- [    Test worker] o.s.b.w.embedded.tomcat.TomcatWebServer  : Tomcat initialized with port(s): 28852 (http)
2022-06-24 20:52:28.866  INFO 22755 --- [    Test worker] o.apache.catalina.core.StandardService   : Starting service [Tomcat]
2022-06-24 20:52:28.867  INFO 22755 --- [    Test worker] org.apache.catalina.core.StandardEngine  : Starting Servlet engine: [Apache Tomcat/9.0.54]
2022-06-24 20:52:28.966  INFO 22755 --- [    Test worker] o.a.c.c.C.[Tomcat].[localhost].[/]       : Initializing Spring embedded WebApplicationContext
2022-06-24 20:52:28.967  INFO 22755 --- [    Test worker] w.s.c.ServletWebServerApplicationContext : Root WebApplicationContext: initialization completed in 2356 ms
2022-06-24 20:52:29.972  INFO 22755 --- [    Test worker] o.s.b.a.e.web.EndpointLinksResolver      : Exposing 14 endpoint(s) beneath base path '/actuator'
2022-06-24 20:52:30.022  INFO 22755 --- [    Test worker] o.s.b.w.embedded.tomcat.TomcatWebServer  : Tomcat started on port(s): 28852 (http) with context path ''
2022-06-24 20:52:30.039  INFO 22755 --- [    Test worker] task.Main                                : Started Main in 4.796 seconds (JVM running for 6.591)
2022-06-24 20:52:30.542  INFO 22755 --- [io-28852-exec-1] o.a.c.c.C.[Tomcat].[localhost].[/]       : Initializing Spring DispatcherServlet 'dispatcherServlet'
2022-06-24 20:52:30.543  INFO 22755 --- [io-28852-exec-1] o.s.web.servlet.DispatcherServlet        : Initializing Servlet 'dispatcherServlet'
2022-06-24 20:52:30.546  INFO 22755 --- [io-28852-exec-1] o.s.web.servlet.DispatcherServlet        : Completed initialization in 3 ms
?[1;31m
Start test 2?[0m
?[1;31m
Start test 3?[0m
?[1;31m
Start test 4?[0m
]]></system-out>
  <system-err><![CDATA[]]></system-err>
</testsuite>
