<?xml version="1.0" encoding="UTF-8"?>
<testsuite name="CinemaTests" tests="1" skipped="0" failures="0" errors="0" timestamp="2022-06-27T08:59:59" hostname="MacBook-Pro-ksean.local" time="5.068">
  <properties/>
  <testcase name="start" classname="CinemaTests" time="5.068"/>
  <system-out><![CDATA[?[1;31m
Start test 1?[0m

  .   ____          _            __ _ _
 /\\ / ___'_ __ _ _(_)_ __  __ _ \ \ \ \
( ( )\___ | '_ | '_| | '_ \/ _` | \ \ \ \
 \\/  ___)| |_)| | | | | || (_| |  ) ) ) )
  '  |____| .__|_| |_|_| |_\__, | / / / /
 =========|_|==============|___/=/_/_/_/
 :: Spring Boot ::                (v2.5.6)

2022-06-27 12:00:00.141  INFO 9867 --- [    Test worker] cinema.Main                              : Starting Main using Java 17.0.2 on MacBook-Pro-ksean.local with PID 9867 (started by ksean in /Users/ksean/IdeaProjects/Cinema Room REST Service/Cinema Room REST Service/task)
2022-06-27 12:00:00.146  INFO 9867 --- [    Test worker] cinema.Main                              : No active profile set, falling back to default profiles: default
2022-06-27 12:00:02.543  INFO 9867 --- [    Test worker] o.s.b.w.embedded.tomcat.TomcatWebServer  : Tomcat initialized with port(s): 8081 (http)
2022-06-27 12:00:02.554  INFO 9867 --- [    Test worker] o.apache.catalina.core.StandardService   : Starting service [Tomcat]
2022-06-27 12:00:02.555  INFO 9867 --- [    Test worker] org.apache.catalina.core.StandardEngine  : Starting Servlet engine: [Apache Tomcat/9.0.54]
2022-06-27 12:00:02.647  INFO 9867 --- [    Test worker] o.a.c.c.C.[Tomcat].[localhost].[/]       : Initializing Spring embedded WebApplicationContext
2022-06-27 12:00:02.648  INFO 9867 --- [    Test worker] w.s.c.ServletWebServerApplicationContext : Root WebApplicationContext: initialization completed in 2436 ms
2022-06-27 12:00:03.153  INFO 9867 --- [    Test worker] o.s.b.a.w.s.WelcomePageHandlerMapping    : Adding welcome page: class path resource [static/index.html]
2022-06-27 12:00:03.431  INFO 9867 --- [    Test worker] o.s.b.a.e.web.EndpointLinksResolver      : Exposing 14 endpoint(s) beneath base path '/actuator'
2022-06-27 12:00:03.487  INFO 9867 --- [    Test worker] o.s.b.w.embedded.tomcat.TomcatWebServer  : Tomcat started on port(s): 8081 (http) with context path ''
2022-06-27 12:00:03.506  INFO 9867 --- [    Test worker] cinema.Main                              : Started Main in 3.944 seconds (JVM running for 4.843)
2022-06-27 12:00:03.956  INFO 9867 --- [nio-8081-exec-1] o.a.c.c.C.[Tomcat].[localhost].[/]       : Initializing Spring DispatcherServlet 'dispatcherServlet'
2022-06-27 12:00:03.957  INFO 9867 --- [nio-8081-exec-1] o.s.web.servlet.DispatcherServlet        : Initializing Servlet 'dispatcherServlet'
2022-06-27 12:00:03.959  INFO 9867 --- [nio-8081-exec-1] o.s.web.servlet.DispatcherServlet        : Completed initialization in 2 ms
?[1;31m
Start test 2?[0m
?[1;31m
Start test 3?[0m
?[1;31m
Start test 4?[0m
?[1;31m
Start test 5?[0m
?[1;31m
Start test 6?[0m
?[1;31m
Start test 7?[0m
?[1;31m
Start test 8?[0m
?[1;31m
Start test 9?[0m
?[1;31m
Start test 10?[0m
?[1;31m
Start test 11?[0m
?[1;31m
Start test 12?[0m
]]></system-out>
  <system-err><![CDATA[]]></system-err>
</testsuite>
