<?xml version="1.0" encoding="UTF-8"?>
<testsuite name="Tests" tests="1" skipped="0" failures="0" errors="0" timestamp="2022-06-24T14:50:24" hostname="MacBook-Pro-ksean.local" time="8.092">
  <properties/>
  <testcase name="start" classname="Tests" time="8.092"/>
  <system-out><![CDATA[?[1;31m
Start test 1?[0m

  .   ____          _            __ _ _
 /\\ / ___'_ __ _ _(_)_ __  __ _ \ \ \ \
( ( )\___ | '_ | '_| | '_ \/ _` | \ \ \ \
 \\/  ___)| |_)| | | | | || (_| |  ) ) ) )
  '  |____| .__|_| |_|_| |_\__, | / / / /
 =========|_|==============|___/=/_/_/_/
 :: Spring Boot ::                (v2.5.6)

2022-06-24 17:50:26.317  INFO 22261 --- [    Test worker] task.Main                                : Starting Main using Java 17.0.2 on MacBook-Pro-ksean.local with PID 22261 (started by ksean in /Users/ksean/IdeaProjects/Cinema Room REST Service/Topics/Posting and deleting data via REST/Return query parameter)
2022-06-24 17:50:26.342  INFO 22261 --- [    Test worker] task.Main                                : No active profile set, falling back to default profiles: default
2022-06-24 17:50:29.350  INFO 22261 --- [    Test worker] o.s.b.w.embedded.tomcat.TomcatWebServer  : Tomcat initialized with port(s): 8081 (http)
2022-06-24 17:50:29.378  INFO 22261 --- [    Test worker] o.apache.catalina.core.StandardService   : Starting service [Tomcat]
2022-06-24 17:50:29.381  INFO 22261 --- [    Test worker] org.apache.catalina.core.StandardEngine  : Starting Servlet engine: [Apache Tomcat/9.0.54]
2022-06-24 17:50:29.537  INFO 22261 --- [    Test worker] o.a.c.c.C.[Tomcat].[localhost].[/]       : Initializing Spring embedded WebApplicationContext
2022-06-24 17:50:29.537  INFO 22261 --- [    Test worker] w.s.c.ServletWebServerApplicationContext : Root WebApplicationContext: initialization completed in 3030 ms
2022-06-24 17:50:31.094  INFO 22261 --- [    Test worker] o.s.b.a.e.web.EndpointLinksResolver      : Exposing 14 endpoint(s) beneath base path '/actuator'
2022-06-24 17:50:31.236  INFO 22261 --- [    Test worker] o.s.b.w.embedded.tomcat.TomcatWebServer  : Tomcat started on port(s): 8081 (http) with context path ''
2022-06-24 17:50:31.317  INFO 22261 --- [    Test worker] task.Main                                : Started Main in 6.235 seconds (JVM running for 7.868)
2022-06-24 17:50:32.464  INFO 22261 --- [nio-8081-exec-1] o.a.c.c.C.[Tomcat].[localhost].[/]       : Initializing Spring DispatcherServlet 'dispatcherServlet'
2022-06-24 17:50:32.464  INFO 22261 --- [nio-8081-exec-1] o.s.web.servlet.DispatcherServlet        : Initializing Servlet 'dispatcherServlet'
2022-06-24 17:50:32.467  INFO 22261 --- [nio-8081-exec-1] o.s.web.servlet.DispatcherServlet        : Completed initialization in 2 ms
?[1;31m
Start test 2?[0m
]]></system-out>
  <system-err><![CDATA[]]></system-err>
</testsuite>
